<?xml version="1.0" encoding="UTF-8"?>
<testng-results skipped="0" failed="0" ignored="0" total="1" passed="1">
  <reporter-output>
    <line>
      <![CDATA[Test is Pass]]>
    </line>
  </reporter-output>
  <suite name="Default suite" duration-ms="41034" started-at="2020-02-01T19:41:27Z" finished-at="2020-02-01T19:42:08Z">
    <groups>
    </groups>
    <test name="Default test" duration-ms="41034" started-at="2020-02-01T19:41:27Z" finished-at="2020-02-01T19:42:08Z">
      <class name="section_12.Demo_A7">
        <test-method status="PASS" signature="launchBrowser()[pri:0, instance:section_12.Demo_A7@643b1d11]" name="launchBrowser" is-config="true" duration-ms="21102" started-at="2020-02-01T19:41:27Z" finished-at="2020-02-01T19:41:48Z">
          <reporter-output>
          </reporter-output>
        </test-method> <!-- launchBrowser -->
        <test-method status="PASS" signature="bookATickets()[pri:0, instance:section_12.Demo_A7@643b1d11]" name="bookATickets" duration-ms="18657" started-at="2020-02-01T19:41:48Z" finished-at="2020-02-01T19:42:07Z">
          <reporter-output>
            <line>
              <![CDATA[Test is Pass]]>
            </line>
          </reporter-output>
        </test-method> <!-- bookATickets -->
        <test-method status="PASS" signature="closeBrowser()[pri:0, instance:section_12.Demo_A7@643b1d11]" name="closeBrowser" is-config="true" duration-ms="1182" started-at="2020-02-01T19:42:07Z" finished-at="2020-02-01T19:42:08Z">
          <reporter-output>
          </reporter-output>
        </test-method> <!-- closeBrowser -->
      </class> <!-- section_12.Demo_A7 -->
    </test> <!-- Default test -->
  </suite> <!-- Default suite -->
</testng-results>
