<?xml version="1.0" encoding="UTF-8"?>
<testng-results skipped="0" failed="0" ignored="0" total="1" passed="1">
  <reporter-output>
  </reporter-output>
  <suite name="Default suite" duration-ms="11761" started-at="2020-04-28T09:42:49Z" finished-at="2020-04-28T09:43:01Z">
    <groups>
    </groups>
    <test name="Default test" duration-ms="11761" started-at="2020-04-28T09:42:49Z" finished-at="2020-04-28T09:43:01Z">
      <class name="pack1.Demo_Aa5">
        <test-method status="PASS" signature="loginToJIRA()[pri:0, instance:pack1.Demo_Aa5@20398b7c]" name="loginToJIRA" duration-ms="11655" started-at="2020-04-28T09:42:50Z" finished-at="2020-04-28T09:43:01Z">
          <reporter-output>
          </reporter-output>
        </test-method> <!-- loginToJIRA -->
      </class> <!-- pack1.Demo_Aa5 -->
    </test> <!-- Default test -->
  </suite> <!-- Default suite -->
</testng-results>
