<?xml version="1.0" encoding="UTF-8"?>
<testng-results skipped="0" failed="0" total="1" passed="1">
  <reporter-output>
  </reporter-output>
  <suite name="Default suite" duration-ms="36346" started-at="2020-08-02T09:12:20Z" finished-at="2020-08-02T09:12:56Z">
    <groups>
    </groups>
    <test name="Default test" duration-ms="36346" started-at="2020-08-02T09:12:20Z" finished-at="2020-08-02T09:12:56Z">
      <class name="pack3.Read_PDF">
        <test-method status="PASS" signature="readPDFEngine()[pri:0, instance:pack3.Read_PDF@6b143ee9]" name="readPDFEngine" duration-ms="36267" started-at="2020-08-02T14:42:20Z" finished-at="2020-08-02T14:42:56Z">
          <reporter-output>
          </reporter-output>
        </test-method> <!-- readPDFEngine -->
      </class> <!-- pack3.Read_PDF -->
    </test> <!-- Default test -->
  </suite> <!-- Default suite -->
</testng-results>
